TN:
SF:src\config.ts
FNF:0
FNH:0
DA:4,1
LF:1
LH:1
BRDA:5,0,0,1
BRDA:5,0,1,0
BRF:2
BRH:1
end_of_record
TN:
SF:src\server.ts
FN:21,(anonymous_8)
FN:21,(anonymous_9)
FN:27,(anonymous_10)
FN:27,(anonymous_11)
FN:34,(anonymous_12)
FN:37,(anonymous_13)
FNF:6
FNH:1
FNDA:0,(anonymous_8)
FNDA:0,(anonymous_9)
FNDA:0,(anonymous_10)
FNDA:0,(anonymous_11)
FNDA:1,(anonymous_12)
FNDA:0,(anonymous_13)
DA:1,1
DA:2,1
DA:3,1
DA:4,1
DA:5,1
DA:6,1
DA:8,1
DA:9,1
DA:11,1
DA:12,1
DA:17,1
DA:19,1
DA:21,1
DA:22,0
DA:23,0
DA:24,0
DA:27,1
DA:28,0
DA:29,0
DA:30,0
DA:31,0
DA:33,1
DA:35,1
DA:38,0
DA:41,1
LF:25
LH:17
BRF:0
BRH:0
end_of_record
TN:
SF:src\routes\healthcheck.ts
FN:4,(anonymous_8)
FN:4,(anonymous_9)
FNF:2
FNH:2
FNDA:1,(anonymous_8)
FNDA:1,(anonymous_9)
DA:1,1
DA:2,1
DA:4,1
DA:5,1
DA:6,1
DA:11,0
DA:15,1
LF:7
LH:6
BRF:0
BRH:0
end_of_record
